2026-03-23T22:41:32Z | Run ID: 23463701153 | Workflow: CI/CD Workflow | Fix: FixType.UNKNOWN | Unknown error — escalated to human review
2026-03-24T01:01:20Z | Run ID: 23467938223 | Workflow: CI/CD Workflow | Fix: FixType.UNKNOWN | Unknown error — escalated to human review
2026-04-12T05:28:45Z | Run ID: 24299533271 | Workflow: Auto Recovery CI Mechanism | Fix: FixType.UNKNOWN | Unknown error — escalated to human review
2026-04-12T05:29:59Z | Run ID: 24299550572 | Workflow: CI | Fix: FixType.UNKNOWN | Unknown error — escalated to human review
2026-04-12T05:32:08Z | Run ID: 24299585112 | Workflow: Auto Recovery CI Mechanism | Fix: FixType.UNKNOWN | Unknown error — escalated to human review
2026-04-12T05:34:50Z | Run ID: 24299626588 | Workflow: Auto Recovery CI Mechanism | Fix: FixType.UNKNOWN | Unknown error — escalated to human review
2026-04-12T05:40:14Z | Run ID: 24299707346 | Workflow: CI | Fix: FixType.UNKNOWN | Unknown error — escalated to human review
2026-04-12T05:41:21Z | Run ID: 24299723835 | Workflow: Auto Recovery CI Mechanism | Fix: FixType.UNKNOWN | Unknown error — escalated to human review
2026-04-12T05:42:30Z | Run ID: 24299742892 | Workflow: Auto Recovery CI Mechanism | Fix: FixType.UNKNOWN | Unknown error — escalated to human review
2026-04-12T05:43:38Z | Run ID: 24299766534 | Workflow: Auto Recovery CI Mechanism | Fix: FixType.UNKNOWN | Unknown error — escalated to human review
2026-04-12T05:44:59Z | Run ID: 24299787751 | Workflow: Auto Recovery CI Mechanism | Fix: FixType.UNKNOWN | Unknown error — escalated to human review
2026-04-12T05:46:13Z | Run ID: 24299806910 | Workflow: Python Tests | Fix: FixType.UNKNOWN | Unknown error — escalated to human review
2026-04-12T05:48:08Z | Run ID: 24299835670 | Workflow: Python Tests | Fix: FixType.UNKNOWN | Unknown error — escalated to human review
2026-04-12T05:49:56Z | Run ID: 24299861682 | Workflow: CI | Fix: FixType.UNKNOWN | Unknown error — escalated to human review
2026-04-12T05:51:53Z | Run ID: 24299893494 | Workflow: Auto Recovery CI Mechanism | Fix: FixType.UNKNOWN | Unknown error — escalated to human review
2026-04-12T05:54:13Z | Run ID: 24299929325 | Workflow: Python Tests | Fix: FixType.UNKNOWN | Unknown error — escalated to human review
2026-04-12T05:55:06Z | Run ID: 24299942578 | Workflow: Auto Recovery CI Mechanism | Fix: FixType.UNKNOWN | Unknown error — escalated to human review
2026-04-12T05:56:38Z | Run ID: 24299962976 | Workflow: CI | Fix: FixType.UNKNOWN | Unknown error — escalated to human review
2026-04-12T05:56:57Z | Run ID: 24299969683 | Workflow: Auto Recovery CI Mechanism | Fix: FixType.UNKNOWN | Unknown error — escalated to human review
2026-04-13T20:48:58Z | Run ID: 24366096094 | Workflow: CI | Fix: FixType.UNKNOWN | Unknown error — escalated to human review
2026-04-13T21:28:58Z | Run ID: 24367801413 | Workflow: Python Tests | Fix: FixType.UNKNOWN | Unknown error — escalated to human review
2026-04-14T15:45:05Z | Run ID: 24408589425 | Workflow: CI | Fix: FixType.UNKNOWN | Unknown error — escalated to human review
2026-04-14T15:46:02Z | Run ID: 24408592104 | Workflow: CI/CD Workflow | Fix: FixType.UNKNOWN | Unknown error — escalated to human review
2026-04-14T21:27:43Z | Run ID: 24423783082 | Workflow: CI | Fix: FixType.UNKNOWN | Unknown error — escalated to human review
2026-04-15T08:01:59Z | Run ID: 24443285194 | Workflow: Auto Recovery CI Mechanism | Fix: FixType.UNKNOWN | Unknown error — escalated to human review
2026-04-15T14:10:15Z | Run ID: 24459289193 | Workflow: CI/CD Workflow | Fix: FixType.UNKNOWN | Unknown error — escalated to human review
2026-04-15T14:43:41Z | Run ID: 24461013871 | Workflow: Auto Recovery CI Mechanism | Fix: FixType.UNKNOWN | Unknown error — escalated to human review
2026-04-15T15:59:46Z | Run ID: 24464645428 | Workflow: CI | Fix: FixType.UNKNOWN | Unknown error — escalated to human review
2026-04-16T05:32:02Z | Run ID: 24493881819 | Workflow: CI | Fix: FixType.UNKNOWN | Unknown error — escalated to human review
2026-04-16T05:35:22Z | Run ID: 24493927848 | Workflow: Python Tests | Fix: FixType.UNKNOWN | Unknown error — escalated to human review
2026-04-16T05:36:15Z | Run ID: 24493927838 | Workflow: CI | Fix: FixType.UNKNOWN | Unknown error — escalated to human review
2026-04-16T05:40:13Z | Run ID: 24494130160 | Workflow: CI/CD Workflow | Fix: FixType.UNKNOWN | Unknown error — escalated to human review
2026-04-16T15:58:11Z | Run ID: 24520276812 | Workflow: Python Tests | Fix: FixType.UNKNOWN | Unknown error — escalated to human review
2026-04-16T15:59:00Z | Run ID: 24520278843 | Workflow: CI | Fix: FixType.UNKNOWN | Unknown error — escalated to human review
2026-04-16T19:20:47Z | Run ID: 24529349014 | Workflow: CI/CD Workflow | Fix: FixType.UNKNOWN | Unknown error — escalated to human review
2026-04-16T19:21:45Z | Run ID: 24529349027 | Workflow: Python Tests | Fix: FixType.UNKNOWN | Unknown error — escalated to human review
2026-04-17T15:08:17Z | Run ID: 24572127138 | Workflow: CI/CD Workflow | Fix: FixType.UNKNOWN | Unknown error — escalated to human review
2026-04-17T15:09:15Z | Run ID: 24572127121 | Workflow: CI | Fix: FixType.UNKNOWN | Unknown error — escalated to human review
2026-04-17T16:17:50Z | Run ID: 24575168746 | Workflow: CI/CD Workflow | Fix: FixType.UNKNOWN | Unknown error — escalated to human review
2026-04-17T16:18:26Z | Run ID: 24575168739 | Workflow: Auto Recovery CI Mechanism | Fix: FixType.UNKNOWN | Unknown error — escalated to human review
2026-04-17T16:18:57Z | Run ID: 24575168725 | Workflow: CI | Fix: FixType.UNKNOWN | Unknown error — escalated to human review
2026-04-18T00:30:36Z | Run ID: 24592550529 | Workflow: CI/CD Workflow | Fix: FixType.UNKNOWN | Unknown error — escalated to human review
2026-04-18T00:31:45Z | Run ID: 24592550507 | Workflow: Auto Recovery CI Mechanism | Fix: FixType.UNKNOWN | Unknown error — escalated to human review
2026-04-18T19:01:43Z | Run ID: 24611672552 | Workflow: CI/CD Workflow | Fix: FixType.UNKNOWN | Unknown error — escalated to human review
2026-04-18T19:02:09Z | Run ID: 24611672558 | Workflow: Python Tests | Fix: FixType.UNKNOWN | Unknown error — escalated to human review
2026-04-18T19:04:55Z | Run ID: 24611732951 | Workflow: CI/CD Workflow | Fix: FixType.UNKNOWN | Unknown error — escalated to human review
2026-04-18T19:05:37Z | Run ID: 24611732958 | Workflow: Auto Recovery CI Mechanism | Fix: FixType.UNKNOWN | Unknown error — escalated to human review
2026-04-19T01:37:28Z | Run ID: 24618266879 | Workflow: Language-Specific Lint & Format | Fix: FixType.UNKNOWN | Unknown error — escalated to human review
2026-04-19T01:37:52Z | Run ID: 24618266873 | Workflow: Python Tests | Fix: FixType.UNKNOWN | Unknown error — escalated to human review
2026-04-19T01:38:20Z | Run ID: 24618266862 | Workflow: CI | Fix: FixType.UNKNOWN | Unknown error — escalated to human review
2026-04-20T16:18:29Z | Run ID: 24624163754 | Workflow: Python Tests | Fix: FixType.UNKNOWN | Unknown error — escalated to human review
2026-04-21T20:32:54Z | Run ID: 24744931102 | Workflow: CI/CD Workflow | Fix: FixType.UNKNOWN | Unknown error — escalated to human review
2026-04-21T20:34:53Z | Run ID: 24744931091 | Workflow: Python Tests | Fix: FixType.UNKNOWN | Unknown error — escalated to human review
2026-04-21T20:36:43Z | Run ID: 24744984124 | Workflow: CI/CD Workflow | Fix: FixType.UNKNOWN | Unknown error — escalated to human review
2026-04-21T20:37:26Z | Run ID: 24744985529 | Workflow: Auto Recovery CI Mechanism | Fix: FixType.UNKNOWN | Unknown error — escalated to human review
2026-04-21T20:52:51Z | Run ID: 24745795757 | Workflow: CI/CD Workflow | Fix: FixType.UNKNOWN | Unknown error — escalated to human review
2026-04-21T20:53:46Z | Run ID: 24745795759 | Workflow: Python Tests | Fix: FixType.UNKNOWN | Unknown error — escalated to human review
2026-04-22T20:41:36Z | Run ID: 24801544881 | Workflow: CI/CD Workflow | Fix: FixType.UNKNOWN | Unknown error — escalated to human review
2026-04-22T20:42:39Z | Run ID: 24801544857 | Workflow: Python Tests | Fix: FixType.UNKNOWN | Unknown error — escalated to human review
2026-04-22T21:06:56Z | Run ID: 24802622079 | Workflow: Auto Recovery CI Mechanism | Fix: FixType.UNKNOWN | Unknown error — escalated to human review
2026-04-22T21:11:20Z | Run ID: 24802675107 | Workflow: Python Tests | Fix: FixType.UNKNOWN | Unknown error — escalated to human review
2026-04-22T21:13:10Z | Run ID: 24802744293 | Workflow: Python Tests | Fix: FixType.UNKNOWN | Unknown error — escalated to human review
2026-04-22T21:28:07Z | Run ID: 24803552674 | Workflow: Language-Specific Lint & Format | Fix: FixType.UNKNOWN | Unknown error — escalated to human review
2026-04-22T21:28:50Z | Run ID: 24803552724 | Workflow: Auto Recovery CI Mechanism | Fix: FixType.UNKNOWN | Unknown error — escalated to human review
2026-04-22T22:06:08Z | Run ID: 24804993483 | Workflow: Auto Recovery CI Mechanism | Fix: FixType.UNKNOWN | Unknown error — escalated to human review
2026-04-22T22:06:56Z | Run ID: 24805049097 | Workflow: Python Tests | Fix: FixType.UNKNOWN | Unknown error — escalated to human review
2026-04-22T22:09:16Z | Run ID: 24805049112 | Workflow: CI | Fix: FixType.UNKNOWN | Unknown error — escalated to human review
2026-04-22T22:09:43Z | Run ID: 24805151627 | Workflow: CI | Fix: FixType.UNKNOWN | Unknown error — escalated to human review
2026-04-23T00:46:47Z | Run ID: 24810324868 | Workflow: CI | Fix: FixType.UNKNOWN | Unknown error — escalated to human review
2026-04-23T01:30:21Z | Run ID: 24811646199 | Workflow: Python Tests | Fix: FixType.UNKNOWN | Unknown error — escalated to human review
2026-04-23T01:35:19Z | Run ID: 24811825430 | Workflow: Auto Recovery CI Mechanism | Fix: FixType.UNKNOWN | Unknown error — escalated to human review
2026-04-23T01:36:41Z | Run ID: 24811825420 | Workflow: CI | Fix: FixType.UNKNOWN | Unknown error — escalated to human review
